1
(2,1)
2
(3,1) (3,2)
2
(4,1) (4,3)
2
(5,1) (5,4)
3
(4,2) (6,1) (6,5)
2
(7,1) (7,6)
2
(8,1) (8,7)
2
(9,1) (9,8)
4
(5,2) (5,3) (10,1) (10,9)
2
(11,1) (11,10)
2
(12,1) (12,11)
2
(13,1) (13,12)
2
(14,1) (14,13)
4
(6,2) (6,4) (15,1) (15,14)
2
(16,1) (16,15)
2
(17,1) (17,16)
2
(18,1) (18,17)
2
(19,1) (19,18)
3
(6,3) (20,1) (20,19)
4
(7,2) (7,5) (21,1) (21,20)
2
(22,1) (22,21)
2
(23,1) (23,22)
2
(24,1) (24,23)
2
(25,1) (25,24)
2
(26,1) (26,25)
2
(27,1) (27,26)
4
(8,2) (8,6) (28,1) (28,27)
2
(29,1) (29,28)
2
(30,1) (30,29)
2
(31,1) (31,30)
2
(32,1) (32,31)
2
(33,1) (33,32)
2
(34,1) (34,33)
4
(7,3) (7,4) (35,1) (35,34)
4
(9,2) (9,7) (36,1) (36,35)
2
(37,1) (37,36)
2
(38,1) (38,37)
2
(39,1) (39,38)
2
(40,1) (40,39)
2
(41,1) (41,40)
2
(42,1) (42,41)
2
(43,1) (43,42)
2
(44,1) (44,43)
4
(10,2) (10,8) (45,1) (45,44)
2
(46,1) (46,45)
2
(47,1) (47,46)
2
(48,1) (48,47)
2
(49,1) (49,48)
2
(50,1) (50,49)
2
(51,1) (51,50)
2
(52,1) (52,51)
2
(53,1) (53,52)
2
(54,1) (54,53)
4
(11,2) (11,9) (55,1) (55,54)
4
(8,3) (8,5) (56,1) (56,55)
2
(57,1) (57,56)
2
(58,1) (58,57)
2
(59,1) (59,58)
2
(60,1) (60,59)
2
(61,1) (61,60)
2
(62,1) (62,61)
2
(63,1) (63,62)
2
(64,1) (64,63)
2
(65,1) (65,64)
4
(12,2) (12,10) (66,1) (66,65)
2
(67,1) (67,66)
2
(68,1) (68,67)
2
(69,1) (69,68)
3
(8,4) (70,1) (70,69)
2
(71,1) (71,70)
2
(72,1) (72,71)
2
(73,1) (73,72)
2
(74,1) (74,73)
2
(75,1) (75,74)
2
(76,1) (76,75)
2
(77,1) (77,76)
4
(13,2) (13,11) (78,1) (78,77)
2
(79,1) (79,78)
2
(80,1) (80,79)
2
(81,1) (81,80)
2
(82,1) (82,81)
2
(83,1) (83,82)
4
(9,3) (9,6) (84,1) (84,83)
2
(85,1) (85,84)
2
(86,1) (86,85)
2
(87,1) (87,86)
2
(88,1) (88,87)
2
(89,1) (89,88)
2
(90,1) (90,89)
4
(14,2) (14,12) (91,1) (91,90)
2
(92,1) (92,91)
2
(93,1) (93,92)
2
(94,1) (94,93)
2
(95,1) (95,94)
2
(96,1) (96,95)
2
(97,1) (97,96)
2
(98,1) (98,97)
2
(99,1) (99,98)
2
(100,1) (100,99)
