6
(10,3) (10,7) (16,2) (16,14) (120,1) (120,119)
6
(10,4) (10,6) (21,2) (21,19) (210,1) (210,209)
6
(22,3) (22,19) (56,2) (56,54) (1540,1) (1540,1539)
8
(14,6) (14,8) (15,5) (15,10) (78,2) (78,76) (3003,1) (3003,3002)
6
(36,3) (36,33) (120,2) (120,118) (7140,1) (7140,7139)
6
(19,5) (19,14) (153,2) (153,151) (11628,1) (11628,11627)
6
(17,8) (17,9) (221,2) (221,219) (24310,1) (24310,24309)
4
(32,5) (32,27) (201376,1) (201376,201375)
4
(32,6) (32,26) (906192,1) (906192,906191)
4
(32,7) (32,25) (3365856,1) (3365856,3365855)
4
(4748,3) (4748,4745) (17828155996,1) (17828155996,17828155995)
4
(33,5) (33,28) (237336,1) (237336,237335)
4
(33,6) (33,27) (1107568,1) (1107568,1107567)
4
(33,7) (33,26) (4272048,1) (4272048,4272047)
4
(33,8) (33,25) (13884156,1) (13884156,13884155)
4
(3676,3) (3676,3673) (8272194700,1) (8272194700,8272194699)
4
(14832,3) (14832,14829) (543700900560,1) (543700900560,543700900559)
4
(101,5) (101,96) (79208745,1) (79208745,79208744)
4
(11677,3) (11677,11674) (265296185350,1) (265296185350,265296185349)
4
(10293,3) (10293,10290) (181697134466,1) (181697134466,181697134465)
4
(8452,3) (8452,8449) (100594224900,1) (100594224900,100594224899)
4
(2649,4) (2649,2645) (2047068985626,1) (2047068985626,2047068985625)
4
(23091,3) (23091,23088) (2051731600985,1) (2051731600985,2051731600984)
4
(127,7) (127,120) (89356415775,1) (89356415775,89356415774)
4
(19543,3) (19543,19540) (1243814958091,1) (1243814958091,1243814958090)
4
(2344,4) (2344,2340) (1254604840126,1) (1254604840126,1254604840125)
4
(13373,3) (13373,13370) (398508740246,1) (398508740246,398508740245)
4
(1617,3) (1617,1614) (703351880,1) (703351880,703351879)
4
(5797,3) (5797,5794) (32451432090,1) (32451432090,32451432089)
4
(20197,3) (20197,20194) (1372918744890,1) (1372918744890,1372918744889)
4
(27048,3) (27048,27045) (3297661334296,1) (3297661334296,3297661334295)
4
(9530,3) (9530,9527) (144208455560,1) (144208455560,144208455559)
4
(7039,3) (7039,7036) (58102728639,1) (58102728639,58102728638)
4
(17913,3) (17913,17910) (957813579436,1) (957813579436,957813579435)
4
(14786,3) (14786,14783) (538657528640,1) (538657528640,538657528639)
4
(37,5) (37,32) (435897,1) (435897,435896)
4
(37,6) (37,31) (2324784,1) (2324784,2324783)
4
(37,7) (37,30) (10295472,1) (10295472,10295471)
4
(1943,3) (1943,1940) (1220664491,1) (1220664491,1220664490)
4
(9122,3) (9122,9119) (126466678240,1) (126466678240,126466678239)
4
(26827,3) (26827,26824) (3217484843525,1) (3217484843525,3217484843524)
4
(39,5) (39,34) (575757,1) (575757,575756)
4
(39,6) (39,33) (3262623,1) (3262623,3262622)
4
(39,7) (39,32) (15380937,1) (15380937,15380936)
4
(39,8) (39,31) (61523748,1) (61523748,61523747)
4
(39,9) (39,30) (211915132,1) (211915132,211915131)
4
(39,10) (39,29) (635745396,1) (635745396,635745395)
4
(39,11) (39,28) (1676056044,1) (1676056044,1676056043)
4
(39,12) (39,27) (3910797436,1) (3910797436,3910797435)
4
(39,13) (39,26) (8122425444,1) (8122425444,8122425443)
4
(39,14) (39,25) (15084504396,1) (15084504396,15084504395)
4
(8470,3) (8470,8467) (101238369540,1) (101238369540,101238369539)
4
(37,10) (37,27) (348330136,1) (348330136,348330135)
4
(37,11) (37,26) (854992152,1) (854992152,854992151)
4
(21772,3) (21772,21769) (1719823512540,1) (1719823512540,1719823512539)
4
(2388,4) (2388,2384) (1351556863965,1) (1351556863965,1351556863964)
4
(11517,3) (11517,11514) (254538637430,1) (254538637430,254538637429)
4
(16902,3) (16902,16899) (804610977300,1) (804610977300,804610977299)
4
(1488,3) (1488,1485) (548001136,1) (548001136,548001135)
4
(591,5) (591,586) (590729920683,1) (590729920683,590729920682)
4
(14093,3) (14093,14090) (466408708766,1) (466408708766,466408708765)
4
(26271,3) (26271,26268) (3021544309455,1) (3021544309455,3021544309454)
4
(6440,3) (6440,6437) (44494262680,1) (44494262680,44494262679)
4
(2353,4) (2353,2349) (1273997260900,1) (1273997260900,1273997260899)
4
(9646,3) (9646,9643) (149539333580,1) (149539333580,149539333579)
4
(3173,3) (3173,3170) (5319223546,1) (5319223546,5319223545)
4
(17612,3) (17612,17609) (910334075420,1) (910334075420,910334075419)
4
(10307,3) (10307,10304) (182439620385,1) (182439620385,182439620384)
4
(36,5) (36,31) (376992,1) (376992,376991)
4
(36,6) (36,30) (1947792,1) (1947792,1947791)
4
(17520,3) (17520,17517) (896141698640,1) (896141698640,896141698639)
4
(23293,3) (23293,23290) (2106052014966,1) (2106052014966,2106052014965)
4
(17314,3) (17314,17311) (864899677664,1) (864899677664,864899677663)
4
(34,5) (34,29) (278256,1) (278256,278255)
4
(34,6) (34,28) (1344904,1) (1344904,1344903)
4
(34,7) (34,27) (5379616,1) (5379616,5379615)
4
(34,8) (34,26) (18156204,1) (18156204,18156203)
4
(34,9) (34,25) (52451256,1) (52451256,52451255)
4
(21666,3) (21666,21663) (1694824872160,1) (1694824872160,1694824872159)
4
(591,4) (591,587) (5031771045,1) (5031771045,5031771044)
4
(1546,3) (1546,1543) (614658680,1) (614658680,614658679)
4
(23125,3) (23125,23122) (2060808471250,1) (2060808471250,2060808471249)
4
(23202,3) (23202,23199) (2081463794400,1) (2081463794400,2081463794399)
4
(284,5) (284,279) (14860622056,1) (14860622056,14860622055)
4
(2470,4) (2470,2466) (1547109690295,1) (1547109690295,1547109690294)
4
(2454,4) (2454,2450) (1507386571251,1) (1507386571251,1507386571250)
4
(8928,3) (8928,8925) (118567414176,1) (118567414176,118567414175)
4
(26628,3) (26628,26625) (3146411087876,1) (3146411087876,3146411087875)
4
(8904,3) (8904,8901) (117613686904,1) (117613686904,117613686903)
4
(490,3) (490,487) (19488280,1) (19488280,19488279)
4
(1506,4) (1506,1502) (213479927640,1) (213479927640,213479927639)
4
(17804,3) (17804,17801) (940434003804,1) (940434003804,940434003803)
4
(1966,3) (1966,1963) (1264550860,1) (1264550860,1264550859)
4
(18349,3) (18349,18346) (1029472956974,1) (1029472956974,1029472956973)
4
(18893,3) (18893,18890) (1123783261566,1) (1123783261566,1123783261565)
4
(1794,4) (1794,1790) (430155101376,1) (430155101376,430155101375)
4
(5900,3) (5900,5897) (34212430300,1) (34212430300,34212430299)
4
(38,5) (38,33) (501942,1) (501942,501941)
4
(38,6) (38,32) (2760681,1) (2760681,2760680)
4
(38,7) (38,31) (12620256,1) (12620256,12620255)
4
(38,8) (38,30) (48903492,1) (48903492,48903491)
4
(38,9) (38,29) (163011640,1) (163011640,163011639)
4
(38,10) (38,28) (472733756,1) (472733756,472733755)
4
(38,11) (38,27) (1203322288,1) (1203322288,1203322287)
4
(38,12) (38,26) (2707475148,1) (2707475148,2707475147)
4
(38,13) (38,25) (5414950296,1) (5414950296,5414950295)
4
(16217,3) (16217,16214) (710689591580,1) (710689591580,710689591579)
4
(5066,3) (5066,5063) (21656440760,1) (21656440760,21656440759)
4
(25391,3) (25391,25388) (2727952798935,1) (2727952798935,2727952798934)
4
(22679,3) (22679,22676) (1943851131179,1) (1943851131179,1943851131178)
4
(16713,3) (16713,16710) (777918373236,1) (777918373236,777918373235)
4
(5638,3) (5638,5635) (29853334036,1) (29853334036,29853334035)
4
(8833,3) (8833,8830) (114822216256,1) (114822216256,114822216255)
4
(27196,3) (27196,27193) (3352092068780,1) (3352092068780,3352092068779)
4
(5642,3) (5642,5639) (29916930680,1) (29916930680,29916930679)
4
(3678,3) (3678,3675) (8285707676,1) (8285707676,8285707675)
4
(11206,3) (11206,11203) (234468404820,1) (234468404820,234468404819)
4
(21806,3) (21806,21803) (1727893702220,1) (1727893702220,1727893702219)
4
(15513,3) (15513,15510) (622088447036,1) (622088447036,622088447035)
4
(2305,4) (2305,2301) (1173117247680,1) (1173117247680,1173117247679)
4
(27128,3) (27128,27125) (3327009578376,1) (3327009578376,3327009578375)
4
(12565,3) (12565,12562) (330546474930,1) (330546474930,330546474929)
4
(18986,3) (18986,18983) (1140461300440,1) (1140461300440,1140461300439)
4
(100,8) (100,92) (186087894300,1) (186087894300,186087894299)
4
(3877,3) (3877,3874) (9705100250,1) (9705100250,9705100249)
4
(37,12) (37,25) (1852482996,1) (1852482996,1852482995)
4
(24043,3) (24043,24040) (2316117176341,1) (2316117176341,2316117176340)
4
(12635,3) (12635,12632) (336102207245,1) (336102207245,336102207244)
4
(19024,3) (19024,19021) (1147323191024,1) (1147323191024,1147323191023)
4
(656,5) (656,651) (997016667536,1) (997016667536,997016667535)
4
(2469,3) (2469,2466) (2505440794,1) (2505440794,2505440793)
4
(12207,3) (12207,12204) (303088070935,1) (303088070935,303088070934)
4
(20866,3) (20866,20863) (1513923448960,1) (1513923448960,1513923448959)
4
(3832,3) (3832,3829) (9370983560,1) (9370983560,9370983559)
4
(10111,3) (10111,10108) (172227386815,1) (172227386815,172227386814)
4
(27739,3) (27739,27736) (3556920680589,1) (3556920680589,3556920680588)
4
(3257,3) (3257,3254) (5753099660,1) (5753099660,5753099659)
4
(19643,3) (19643,19640) (1263007322941,1) (1263007322941,1263007322940)
4
(19606,3) (19606,19603) (1255883308420,1) (1255883308420,1255883308419)
4
(20051,3) (20051,20048) (1343358350825,1) (1343358350825,1343358350824)
4
(9971,3) (9971,9968) (165171160505,1) (165171160505,165171160504)
4
(18300,3) (18300,18297) (1021247061100,1) (1021247061100,1021247061099)
4
(17529,3) (17529,17526) (897523527404,1) (897523527404,897523527403)
4
(446,3) (446,443) (14686780,1) (14686780,14686779)
4
(27060,3) (27060,27057) (3302052523220,1) (3302052523220,3302052523219)
4
(12386,3) (12386,12383) (316618859040,1) (316618859040,316618859039)
4
(40,10) (40,30) (847660528,1) (847660528,847660527)
4
(41,6) (41,35) (4496388,1) (4496388,4496387)
4
(43,5) (43,38) (962598,1) (962598,962597)
4
(44,8) (44,36) (177232627,1) (177232627,177232626)
